# JRE version: OpenJDK Runtime Environment (11.0.10) (build 11.0.10+0-b96-7249189)
# Java VM: OpenJDK 64-Bit Server VM (11.0.10+0-b96-7249189, mixed mode, tiered, compressed oops, g1 gc, windows-amd64)
Heap:
 garbage-first heap   total 485376K, used 254544K [0x0000000080000000, 0x0000000100000000)
  region size 1024K, 8 young (8192K), 8 survivors (8192K)
 Metaspace       used 157121K, capacity 161963K, committed 162168K, reserved 1191936K
  class space    used 18946K, capacity 20662K, committed 20684K, reserved 1048576K
GC Heap History (20 events):
Event: 4160.700 GC heap after
{Heap after GC invocations=187 (full 0):
 garbage-first heap   total 329728K, used 147829K [0x0000000080000000, 0x0000000100000000)
  region size 1024K, 5 young (5120K), 5 survivors (5120K)
 Metaspace       used 156348K, capacity 161097K, committed 161400K, reserved 1189888K
  class space    used 18878K, capacity 20572K, committed 20684K, reserved 1048576K
}
Event: 4162.394 GC heap before
{Heap before GC invocations=187 (full 0):
 garbage-first heap   total 329728K, used 273781K [0x0000000080000000, 0x0000000100000000)
  region size 1024K, 128 young (131072K), 5 survivors (5120K)
 Metaspace       used 156384K, capacity 161172K, committed 161400K, reserved 1189888K
  class space    used 18880K, capacity 20576K, committed 20684K, reserved 1048576K
}
Event: 4162.410 GC heap after
{Heap after GC invocations=188 (full 0):
 garbage-first heap   total 329728K, used 152298K [0x0000000080000000, 0x0000000100000000)
  region size 1024K, 9 young (9216K), 9 survivors (9216K)
 Metaspace       used 156384K, capacity 161172K, committed 161400K, reserved 1189888K
  class space    used 18880K, capacity 20576K, committed 20684K, reserved 1048576K
}
Event: 4164.039 GC heap before
{Heap before GC invocations=189 (full 0):
 garbage-first heap   total 329728K, used 278250K [0x0000000080000000, 0x0000000100000000)
  region size 1024K, 132 young (135168K), 9 survivors (9216K)
 Metaspace       used 156395K, capacity 161172K, committed 161400K, reserved 1189888K
  class space    used 18880K, capacity 20576K, committed 20684K, reserved 1048576K
}
Event: 4164.071 GC heap after
{Heap after GC invocations=190 (full 0):
 garbage-first heap   total 329728K, used 151122K [0x0000000080000000, 0x0000000100000000)
  region size 1024K, 7 young (7168K), 7 survivors (7168K)
 Metaspace       used 156395K, capacity 161172K, committed 161400K, reserved 1189888K
  class space    used 18880K, capacity 20576K, committed 20684K, reserved 1048576K
}
Event: 4165.180 GC heap before
{Heap before GC invocations=190 (full 0):
 garbage-first heap   total 329728K, used 281170K [0x0000000080000000, 0x0000000100000000)
  region size 1024K, 134 young (137216K), 7 survivors (7168K)
 Metaspace       used 156421K, capacity 161172K, committed 161400K, reserved 1189888K
  class space    used 18880K, capacity 20576K, committed 20684K, reserved 1048576K
}
Event: 4165.214 GC heap after
{Heap after GC invocations=191 (full 0):
 garbage-first heap   total 329728K, used 151809K [0x0000000080000000, 0x0000000100000000)
  region size 1024K, 8 young (8192K), 8 survivors (8192K)
 Metaspace       used 156421K, capacity 161172K, committed 161400K, reserved 1189888K
  class space    used 18880K, capacity 20576K, committed 20684K, reserved 1048576K
}
Event: 4166.457 GC heap before
{Heap before GC invocations=192 (full 0):
 garbage-first heap   total 329728K, used 281857K [0x0000000080000000, 0x0000000100000000)
  region size 1024K, 135 young (138240K), 8 survivors (8192K)
 Metaspace       used 156484K, capacity 161264K, committed 161400K, reserved 1189888K
  class space    used 18885K, capacity 20584K, committed 20684K, reserved 1048576K
}
Event: 4166.481 GC heap after
{Heap after GC invocations=193 (full 0):
 garbage-first heap   total 329728K, used 155572K [0x0000000080000000, 0x0000000100000000)
  region size 1024K, 12 young (12288K), 12 survivors (12288K)
 Metaspace       used 156484K, capacity 161264K, committed 161400K, reserved 1189888K
  class space    used 18885K, capacity 20584K, committed 20684K, reserved 1048576K
}
Event: 4166.534 GC heap before
{Heap before GC invocations=193 (full 0):
 garbage-first heap   total 329728K, used 155572K [0x0000000080000000, 0x0000000100000000)
  region size 1024K, 13 young (13312K), 12 survivors (12288K)
 Metaspace       used 156485K, capacity 161264K, committed 161400K, reserved 1189888K
  class space    used 18885K, capacity 20584K, committed 20684K, reserved 1048576K
}
Event: 4166.559 GC heap after
{Heap after GC invocations=194 (full 0):
 garbage-first heap   total 329728K, used 154994K [0x0000000080000000, 0x0000000100000000)
  region size 1024K, 9 young (9216K), 9 survivors (9216K)
 Metaspace       used 156485K, capacity 161264K, committed 161400K, reserved 1189888K
  class space    used 18885K, capacity 20584K, committed 20684K, reserved 1048576K
}
Event: 4168.107 GC heap before
{Heap before GC invocations=195 (full 0):
 garbage-first heap   total 329728K, used 312690K [0x0000000080000000, 0x0000000100000000)
  region size 1024K, 135 young (138240K), 9 survivors (9216K)
 Metaspace       used 156755K, capacity 161531K, committed 161656K, reserved 1189888K
  class space    used 18890K, capacity 20584K, committed 20684K, reserved 1048576K
}
Event: 4168.257 GC heap after
{Heap after GC invocations=196 (full 0):
 garbage-first heap   total 372736K, used 220959K [0x0000000080000000, 0x0000000100000000)
  region size 1024K, 17 young (17408K), 17 survivors (17408K)
 Metaspace       used 156755K, capacity 161531K, committed 161656K, reserved 1189888K
  class space    used 18890K, capacity 20584K, committed 20684K, reserved 1048576K
}
Event: 4168.282 GC heap before
{Heap before GC invocations=196 (full 0):
 garbage-first heap   total 372736K, used 221983K [0x0000000080000000, 0x0000000100000000)
  region size 1024K, 18 young (18432K), 17 survivors (17408K)
 Metaspace       used 156755K, capacity 161531K, committed 161656K, reserved 1189888K
  class space    used 18890K, capacity 20584K, committed 20684K, reserved 1048576K
}
Event: 4168.344 GC heap after
{Heap after GC invocations=197 (full 0):
 garbage-first heap   total 372736K, used 223232K [0x0000000080000000, 0x0000000100000000)
  region size 1024K, 2 young (2048K), 2 survivors (2048K)
 Metaspace       used 156755K, capacity 161531K, committed 161656K, reserved 1189888K
  class space    used 18890K, capacity 20584K, committed 20684K, reserved 1048576K
}
Event: 4169.156 GC heap before
{Heap before GC invocations=197 (full 0):
 garbage-first heap   total 372736K, used 289792K [0x0000000080000000, 0x0000000100000000)
  region size 1024K, 68 young (69632K), 2 survivors (2048K)
 Metaspace       used 157100K, capacity 161962K, committed 162168K, reserved 1191936K
  class space    used 18946K, capacity 20662K, committed 20684K, reserved 1048576K
}
Event: 4169.245 GC heap after
{Heap after GC invocations=198 (full 0):
 garbage-first heap   total 372736K, used 233984K [0x0000000080000000, 0x0000000100000000)
  region size 1024K, 9 young (9216K), 9 survivors (9216K)
 Metaspace       used 157100K, capacity 161962K, committed 162168K, reserved 1191936K
  class space    used 18946K, capacity 20662K, committed 20684K, reserved 1048576K
}
Event: 4171.207 GC heap before
{Heap before GC invocations=198 (full 0):
 garbage-first heap   total 372736K, used 310784K [0x0000000080000000, 0x0000000100000000)
  region size 1024K, 71 young (72704K), 9 survivors (9216K)
 Metaspace       used 157116K, capacity 161962K, committed 162168K, reserved 1191936K
  class space    used 18946K, capacity 20662K, committed 20684K, reserved 1048576K
}
Event: 4171.248 GC heap after
{Heap after GC invocations=199 (full 0):
 garbage-first heap   total 372736K, used 253570K [0x0000000080000000, 0x0000000100000000)
  region size 1024K, 5 young (5120K), 5 survivors (5120K)
 Metaspace       used 157116K, capacity 161962K, committed 162168K, reserved 1191936K
  class space    used 18946K, capacity 20662K, committed 20684K, reserved 1048576K
}
Event: 4171.916 GC heap before
{Heap before GC invocations=200 (full 0):
 garbage-first heap   total 372736K, used 301698K [0x0000000080000000, 0x0000000100000000)
  region size 1024K, 59 young (60416K), 5 survivors (5120K)
 Metaspace       used 157121K, capacity 161963K, committed 162168K, reserved 1191936K
  class space    used 18946K, capacity 20662K, committed 20684K, reserved 1048576K
}

